SF:lib/main.dart
DA:11,1
DA:12,1
DA:16,1
DA:18,1
DA:20,1
DA:21,2
DA:22,1
DA:24,1
DA:26,1
DA:28,1
DA:29,1
DA:30,1
LF:12
LH:12
end_of_record
SF:lib/res/test_keys.dart
DA:8,0
DA:16,3
LF:2
LH:1
end_of_record
SF:lib/models/favorites.dart
DA:11,2
DA:13,1
DA:14,2
DA:15,1
DA:18,1
DA:19,2
DA:20,1
LF:7
LH:7
end_of_record
SF:lib/screens/favorites.dart
DA:13,1
DA:15,1
DA:17,1
DA:18,1
DA:21,1
DA:22,3
DA:23,1
DA:24,2
DA:26,4
DA:39,2
DA:41,1
DA:43,1
DA:45,1
DA:46,1
DA:47,4
DA:49,1
DA:50,2
DA:51,3
DA:53,1
DA:54,2
DA:56,1
DA:57,3
DA:58,2
LF:23
LH:23
end_of_record
SF:lib/screens/home.dart
DA:14,1
DA:16,1
DA:18,1
DA:19,1
DA:21,1
DA:22,1
DA:24,1
DA:25,1
DA:26,1
DA:33,1
DA:37,1
DA:39,2
DA:48,2
DA:50,1
DA:52,1
DA:54,1
DA:56,1
DA:57,1
DA:58,4
DA:60,1
DA:61,2
DA:62,3
DA:64,1
DA:65,3
DA:66,3
DA:69,1
DA:70,3
DA:71,2
DA:72,2
DA:73,2
DA:74,1
DA:75,4
LF:32
LH:32
end_of_record
